Build started 11/11/2012 06:15:27.
     1>Project "C:\Users\James\Documents\GitHub\JGamlin33148454\new_pong\new_pong.vcxproj" on node 2 (build target(s)).
     1>InitializeBuildStatus:
         Creating "Debug\new_pong.unsuccessfulbuild" because "AlwaysCreate" was specified.
       ClCompile:
         a:\Programs\Visual Basic 2010\VC\bin\CL.exe /c /Iinclude /ZI /nologo /W3 /WX- /Od /Oy- /D WIN32 /D _DEBUG /D _CONSOLE /D _UNICODE /D UNICODE /Gm /EHsc /RTC1 /MDd /GS /fp:precise /Zc:wchar_t /Zc:forScope /Fo"Debug\\" /Fd"Debug\vc100.pdb" /Gd /TP /analyze- /errorReport:prompt my_pong.cpp
         my_pong.cpp
     1>c:\users\james\documents\github\jgamlin33148454\new_pong\my_pong.cpp(208): warning C4244: '=' : conversion from 'int' to 'float', possible loss of data
       ManifestResourceCompile:
         C:\Program Files (x86)\Microsoft SDKs\Windows\v7.0A\bin\rc.exe /nologo /fo"Debug\new_pong.exe.embed.manifest.res" Debug\new_pong_manifest.rc 
       Link:
         a:\Programs\Visual Basic 2010\VC\bin\link.exe /ERRORREPORT:PROMPT /OUT:"C:\Users\James\Documents\GitHub\JGamlin33148454\new_pong\Debug\new_pong.exe" /INCREMENTAL /NOLOGO lib\freeglut_static.lib lib\glew32s.lib kernel32.lib user32.lib gdi32.lib winspool.lib comdlg32.lib advapi32.lib shell32.lib ole32.lib oleaut32.lib uuid.lib odbc32.lib odbccp32.lib /MANIFEST /ManifestFile:"Debug\new_pong.exe.intermediate.manifest" /MANIFESTUAC:"level='asInvoker' uiAccess='false'" /DEBUG /PDB:"C:\Users\James\Documents\GitHub\JGamlin33148454\new_pong\Debug\new_pong.pdb" /SUBSYSTEM:CONSOLE /TLBID:1 /DYNAMICBASE /NXCOMPAT /IMPLIB:"C:\Users\James\Documents\GitHub\JGamlin33148454\new_pong\Debug\new_pong.lib" /MACHINE:X86 Debug\new_pong.exe.embed.manifest.res
         Debug\my_pong.obj
     1>LINK : warning LNK4098: defaultlib 'LIBCMT' conflicts with use of other libs; use /NODEFAULTLIB:library
       Manifest:
         Deleting file "Debug\new_pong.exe.embed.manifest".
         C:\Program Files (x86)\Microsoft SDKs\Windows\v7.0A\bin\mt.exe /nologo /verbose /out:"Debug\new_pong.exe.embed.manifest" /manifest Debug\new_pong.exe.intermediate.manifest
         C:\Program Files (x86)\Microsoft SDKs\Windows\v7.0A\bin\rc.exe /nologo /fo"Debug\new_pong.exe.embed.manifest.res" Debug\new_pong_manifest.rc 
       LinkEmbedManifest:
         a:\Programs\Visual Basic 2010\VC\bin\link.exe /ERRORREPORT:PROMPT /OUT:"C:\Users\James\Documents\GitHub\JGamlin33148454\new_pong\Debug\new_pong.exe" /INCREMENTAL /NOLOGO lib\freeglut_static.lib lib\glew32s.lib kernel32.lib user32.lib gdi32.lib winspool.lib comdlg32.lib advapi32.lib shell32.lib ole32.lib oleaut32.lib uuid.lib odbc32.lib odbccp32.lib /MANIFEST /ManifestFile:"Debug\new_pong.exe.intermediate.manifest" /MANIFESTUAC:"level='asInvoker' uiAccess='false'" /DEBUG /PDB:"C:\Users\James\Documents\GitHub\JGamlin33148454\new_pong\Debug\new_pong.pdb" /SUBSYSTEM:CONSOLE /TLBID:1 /DYNAMICBASE /NXCOMPAT /IMPLIB:"C:\Users\James\Documents\GitHub\JGamlin33148454\new_pong\Debug\new_pong.lib" /MACHINE:X86 Debug\new_pong.exe.embed.manifest.res
         Debug\my_pong.obj
         new_pong.vcxproj -> C:\Users\James\Documents\GitHub\JGamlin33148454\new_pong\Debug\new_pong.exe
       FinalizeBuildStatus:
         Deleting file "Debug\new_pong.unsuccessfulbuild".
         Touching "Debug\new_pong.lastbuildstate".
     1>Done Building Project "C:\Users\James\Documents\GitHub\JGamlin33148454\new_pong\new_pong.vcxproj" (build target(s)).

Build succeeded.

Time Elapsed 00:00:01.11
